[21:31:18] [DEBUG] [main] [CONNECTIVE/TRANSFORMER] - Assigning FLUID Modification Engine... Using the Cyan Modification Engine...
[21:31:18] [DEBUG] [main] [CONNECTIVE/CYAN] - Preparing to load components...
[21:31:18] [DEBUG] [main] [CONNECTIVE/CYAN] - Finding components...
[21:31:18] [INFO ] [main] [CONNECTIVE/COMPONENTS] - Searching for classes annotated with @CYAN_COMPONENT...
[21:31:18] [DEBUG] [main] [CONNECTIVE/COMPONENTS] - Found class: org.asf.rats.ConnectiveHTTPServer
[21:31:18] [DEBUG] [main] [CONNECTIVE/COMPONENTS] - Found class: org.asf.connective.standalone.main.ConnectiveStandalone
[21:31:18] [DEBUG] [main] [CONNECTIVE/COMPONENTS] - Found class: org.asf.rats.http.BasicFileModule
[21:31:18] [DEBUG] [main] [CONNECTIVE/COMPONENTS] - Found class: org.asf.connective.php.ConnectivePHP
[21:31:18] [DEBUG] [main] [CONNECTIVE/CYAN] - Starting components implementation 'ConnectiveStandalone'...
[21:31:18] [DEBUG] [main] [CONNECTIVE/CYAN] - Loading CyanComponent org.asf.rats.ConnectiveHTTPServer...
[21:31:18] [DEBUG] [main] [CONNECTIVE/COMPONENTS] - Searching for classes of type: org.asf.rats.processors.IAutoRegisterProcessor
[21:31:18] [DEBUG] [main] [CONNECTIVE/CYAN] - Loading CyanComponent org.asf.connective.standalone.main.ConnectiveStandalone...
[21:31:18] [INFO ] [main] [CONNECTIVE/COMPONENTS] - Intanciating configuration...
[21:31:18] [INFO ] [main] [CONNECTIVE/COMPONENTS] - Loading configuration...
[21:31:18] [INFO ] [main] [CONNECTIVE/COMPONENTS] - Loading contextfile(s)...
[21:31:18] [INFO ] [main] [CONNECTIVE/COMPONENTS] - Creating context: root...
[21:31:18] [DEBUG] [main] [CONNECTIVE/COMPONENTS] - Searching for classes of type: org.asf.connective.standalone.ContextFileInstruction
[21:31:18] [DEBUG] [main] [CONNECTIVE/COMPONENTS] - Found class: org.asf.connective.standalone.main.impl.VirtualRootInstruction
[21:31:18] [DEBUG] [main] [CONNECTIVE/COMPONENTS] - Found class: org.asf.connective.standalone.main.impl.DefaultIndexPageInstruction
[21:31:18] [DEBUG] [main] [CONNECTIVE/COMPONENTS] - Found class: org.asf.connective.standalone.main.impl.IndexPageInstruction
[21:31:18] [DEBUG] [main] [CONNECTIVE/COMPONENTS] - Found class: org.asf.connective.standalone.main.impl.RestrictionInstruction
[21:31:18] [DEBUG] [main] [CONNECTIVE/COMPONENTS] - Found class: org.asf.connective.standalone.main.impl.ExtensionInstruction
[21:31:18] [DEBUG] [main] [CONNECTIVE/COMPONENTS] - Found class: org.asf.connective.standalone.main.impl.AliasInstruction
[21:31:18] [DEBUG] [main] [CONNECTIVE/COMPONENTS] - Found class: org.asf.connective.standalone.main.impl.PostHandlerInstruction
[21:31:18] [INFO ] [main] [CONNECTIVE/COMPONENTS] - Assigning server port... Port: 8080
[21:31:18] [DEBUG] [main] [CONNECTIVE/CYAN] - Loading CyanComponent org.asf.rats.http.BasicFileModule...
[21:31:18] [DEBUG] [main] [CONNECTIVE/CYAN] - Loading CyanComponent org.asf.connective.php.ConnectivePHP...
[21:31:57] [DEBUG] [main] [CONNECTIVE/TRANSFORMER] - Assigning FLUID Modification Engine... Using the Cyan Modification Engine...
[21:31:57] [DEBUG] [main] [CONNECTIVE/CYAN] - Preparing to load components...
[21:31:57] [DEBUG] [main] [CONNECTIVE/CYAN] - Finding components...
[21:31:57] [INFO ] [main] [CONNECTIVE/COMPONENTS] - Searching for classes annotated with @CYAN_COMPONENT...
[21:31:57] [DEBUG] [main] [CONNECTIVE/COMPONENTS] - Found class: org.asf.rats.ConnectiveHTTPServer
[21:31:57] [DEBUG] [main] [CONNECTIVE/COMPONENTS] - Found class: org.asf.connective.standalone.main.ConnectiveStandalone
[21:31:57] [DEBUG] [main] [CONNECTIVE/COMPONENTS] - Found class: org.asf.rats.http.BasicFileModule
[21:31:57] [DEBUG] [main] [CONNECTIVE/COMPONENTS] - Found class: org.asf.connective.php.ConnectivePHP
[21:31:57] [DEBUG] [main] [CONNECTIVE/CYAN] - Starting components implementation 'ConnectiveStandalone'...
[21:31:57] [DEBUG] [main] [CONNECTIVE/CYAN] - Loading CyanComponent org.asf.rats.ConnectiveHTTPServer...
[21:31:57] [DEBUG] [main] [CONNECTIVE/COMPONENTS] - Searching for classes of type: org.asf.rats.processors.IAutoRegisterProcessor
[21:31:57] [DEBUG] [main] [CONNECTIVE/CYAN] - Loading CyanComponent org.asf.connective.standalone.main.ConnectiveStandalone...
[21:31:57] [INFO ] [main] [CONNECTIVE/COMPONENTS] - Intanciating configuration...
[21:31:57] [INFO ] [main] [CONNECTIVE/COMPONENTS] - Loading configuration...
[21:31:57] [INFO ] [main] [CONNECTIVE/COMPONENTS] - Loading contextfile(s)...
[21:31:57] [INFO ] [main] [CONNECTIVE/COMPONENTS] - Creating context: root...
[21:31:57] [DEBUG] [main] [CONNECTIVE/COMPONENTS] - Searching for classes of type: org.asf.connective.standalone.ContextFileInstruction
[21:31:57] [DEBUG] [main] [CONNECTIVE/COMPONENTS] - Found class: org.asf.connective.standalone.main.impl.VirtualRootInstruction
[21:31:57] [DEBUG] [main] [CONNECTIVE/COMPONENTS] - Found class: org.asf.connective.standalone.main.impl.DefaultIndexPageInstruction
[21:31:57] [DEBUG] [main] [CONNECTIVE/COMPONENTS] - Found class: org.asf.connective.standalone.main.impl.IndexPageInstruction
[21:31:57] [DEBUG] [main] [CONNECTIVE/COMPONENTS] - Found class: org.asf.connective.standalone.main.impl.RestrictionInstruction
[21:31:57] [DEBUG] [main] [CONNECTIVE/COMPONENTS] - Found class: org.asf.connective.standalone.main.impl.ExtensionInstruction
[21:31:57] [DEBUG] [main] [CONNECTIVE/COMPONENTS] - Found class: org.asf.connective.standalone.main.impl.AliasInstruction
[21:31:57] [DEBUG] [main] [CONNECTIVE/COMPONENTS] - Found class: org.asf.connective.standalone.main.impl.PostHandlerInstruction
[21:31:57] [INFO ] [main] [CONNECTIVE/COMPONENTS] - Assigning server port... Port: 8080
[21:31:57] [DEBUG] [main] [CONNECTIVE/CYAN] - Loading CyanComponent org.asf.rats.http.BasicFileModule...
[21:31:57] [DEBUG] [main] [CONNECTIVE/CYAN] - Loading CyanComponent org.asf.connective.php.ConnectivePHP...
[21:32:16] [DEBUG] [main] [CONNECTIVE/TRANSFORMER] - Assigning FLUID Modification Engine... Using the Cyan Modification Engine...
[21:32:16] [DEBUG] [main] [CONNECTIVE/CYAN] - Preparing to load components...
[21:32:16] [DEBUG] [main] [CONNECTIVE/CYAN] - Finding components...
[21:32:16] [INFO ] [main] [CONNECTIVE/COMPONENTS] - Searching for classes annotated with @CYAN_COMPONENT...
[21:32:16] [DEBUG] [main] [CONNECTIVE/COMPONENTS] - Found class: org.asf.rats.ConnectiveHTTPServer
[21:32:16] [DEBUG] [main] [CONNECTIVE/COMPONENTS] - Found class: org.asf.connective.standalone.main.ConnectiveStandalone
[21:32:16] [DEBUG] [main] [CONNECTIVE/COMPONENTS] - Found class: org.asf.rats.http.BasicFileModule
[21:32:16] [DEBUG] [main] [CONNECTIVE/COMPONENTS] - Found class: org.asf.connective.php.ConnectivePHP
[21:32:16] [DEBUG] [main] [CONNECTIVE/CYAN] - Starting components implementation 'ConnectiveStandalone'...
[21:32:16] [DEBUG] [main] [CONNECTIVE/CYAN] - Loading CyanComponent org.asf.rats.ConnectiveHTTPServer...
[21:32:16] [DEBUG] [main] [CONNECTIVE/COMPONENTS] - Searching for classes of type: org.asf.rats.processors.IAutoRegisterProcessor
[21:32:16] [DEBUG] [main] [CONNECTIVE/CYAN] - Loading CyanComponent org.asf.connective.standalone.main.ConnectiveStandalone...
[21:32:16] [INFO ] [main] [CONNECTIVE/COMPONENTS] - Intanciating configuration...
[21:32:16] [INFO ] [main] [CONNECTIVE/COMPONENTS] - Loading configuration...
[21:32:17] [INFO ] [main] [CONNECTIVE/COMPONENTS] - Loading contextfile(s)...
[21:32:17] [INFO ] [main] [CONNECTIVE/COMPONENTS] - Creating context: root...
[21:32:17] [DEBUG] [main] [CONNECTIVE/COMPONENTS] - Searching for classes of type: org.asf.connective.standalone.ContextFileInstruction
[21:32:17] [DEBUG] [main] [CONNECTIVE/COMPONENTS] - Found class: org.asf.connective.standalone.main.impl.VirtualRootInstruction
[21:32:17] [DEBUG] [main] [CONNECTIVE/COMPONENTS] - Found class: org.asf.connective.standalone.main.impl.DefaultIndexPageInstruction
[21:32:17] [DEBUG] [main] [CONNECTIVE/COMPONENTS] - Found class: org.asf.connective.standalone.main.impl.IndexPageInstruction
[21:32:17] [DEBUG] [main] [CONNECTIVE/COMPONENTS] - Found class: org.asf.connective.standalone.main.impl.RestrictionInstruction
[21:32:17] [DEBUG] [main] [CONNECTIVE/COMPONENTS] - Found class: org.asf.connective.standalone.main.impl.ExtensionInstruction
[21:32:17] [DEBUG] [main] [CONNECTIVE/COMPONENTS] - Found class: org.asf.connective.standalone.main.impl.AliasInstruction
[21:32:17] [DEBUG] [main] [CONNECTIVE/COMPONENTS] - Found class: org.asf.connective.standalone.main.impl.PostHandlerInstruction
[21:32:17] [INFO ] [main] [CONNECTIVE/COMPONENTS] - Assigning server port... Port: 8080
[21:32:17] [DEBUG] [main] [CONNECTIVE/CYAN] - Loading CyanComponent org.asf.rats.http.BasicFileModule...
[21:32:17] [DEBUG] [main] [CONNECTIVE/CYAN] - Loading CyanComponent org.asf.connective.php.ConnectivePHP...
[21:32:32] [DEBUG] [main] [CONNECTIVE/TRANSFORMER] - Assigning FLUID Modification Engine... Using the Cyan Modification Engine...
[21:32:32] [DEBUG] [main] [CONNECTIVE/CYAN] - Preparing to load components...
[21:32:32] [DEBUG] [main] [CONNECTIVE/CYAN] - Finding components...
[21:32:32] [INFO ] [main] [CONNECTIVE/COMPONENTS] - Searching for classes annotated with @CYAN_COMPONENT...
[21:32:32] [DEBUG] [main] [CONNECTIVE/COMPONENTS] - Found class: org.asf.rats.ConnectiveHTTPServer
[21:32:32] [DEBUG] [main] [CONNECTIVE/COMPONENTS] - Found class: org.asf.connective.standalone.main.ConnectiveStandalone
[21:32:32] [DEBUG] [main] [CONNECTIVE/COMPONENTS] - Found class: org.asf.rats.http.BasicFileModule
[21:32:32] [DEBUG] [main] [CONNECTIVE/COMPONENTS] - Found class: org.asf.connective.php.ConnectivePHP
[21:32:32] [DEBUG] [main] [CONNECTIVE/CYAN] - Starting components implementation 'ConnectiveStandalone'...
[21:32:32] [DEBUG] [main] [CONNECTIVE/CYAN] - Loading CyanComponent org.asf.rats.ConnectiveHTTPServer...
[21:32:32] [DEBUG] [main] [CONNECTIVE/COMPONENTS] - Searching for classes of type: org.asf.rats.processors.IAutoRegisterProcessor
[21:32:32] [DEBUG] [main] [CONNECTIVE/CYAN] - Loading CyanComponent org.asf.connective.standalone.main.ConnectiveStandalone...
[21:32:32] [INFO ] [main] [CONNECTIVE/COMPONENTS] - Intanciating configuration...
[21:32:32] [INFO ] [main] [CONNECTIVE/COMPONENTS] - Loading configuration...
[21:32:32] [INFO ] [main] [CONNECTIVE/COMPONENTS] - Loading contextfile(s)...
[21:32:32] [INFO ] [main] [CONNECTIVE/COMPONENTS] - Creating context: root...
[21:32:32] [DEBUG] [main] [CONNECTIVE/COMPONENTS] - Searching for classes of type: org.asf.connective.standalone.ContextFileInstruction
[21:32:32] [DEBUG] [main] [CONNECTIVE/COMPONENTS] - Found class: org.asf.connective.standalone.main.impl.VirtualRootInstruction
[21:32:32] [DEBUG] [main] [CONNECTIVE/COMPONENTS] - Found class: org.asf.connective.standalone.main.impl.DefaultIndexPageInstruction
[21:32:32] [DEBUG] [main] [CONNECTIVE/COMPONENTS] - Found class: org.asf.connective.standalone.main.impl.IndexPageInstruction
[21:32:32] [DEBUG] [main] [CONNECTIVE/COMPONENTS] - Found class: org.asf.connective.standalone.main.impl.RestrictionInstruction
[21:32:32] [DEBUG] [main] [CONNECTIVE/COMPONENTS] - Found class: org.asf.connective.standalone.main.impl.ExtensionInstruction
[21:32:32] [DEBUG] [main] [CONNECTIVE/COMPONENTS] - Found class: org.asf.connective.standalone.main.impl.AliasInstruction
[21:32:32] [DEBUG] [main] [CONNECTIVE/COMPONENTS] - Found class: org.asf.connective.standalone.main.impl.PostHandlerInstruction
[21:32:32] [INFO ] [main] [CONNECTIVE/COMPONENTS] - Assigning server port... Port: 8080
[21:32:32] [DEBUG] [main] [CONNECTIVE/CYAN] - Loading CyanComponent org.asf.rats.http.BasicFileModule...
[21:32:32] [DEBUG] [main] [CONNECTIVE/CYAN] - Loading CyanComponent org.asf.connective.php.ConnectivePHP...
[21:32:32] [DEBUG] [main] [CONNECTIVE/CYAN] - Finalizing...
[21:32:32] [INFO ] [main] [CONNECTIVE/COMPONENTS] - Starting components post-load (bootstrap.call)...
[21:32:32] [DEBUG] [main] [CONNECTIVE/COMPONENTS] - Searching for classes of type: org.asf.rats.http.IAutoContextBuilder
[21:32:32] [DEBUG] [main] [CONNECTIVE/COMPONENTS] - Searching for classes of type: org.asf.rats.http.IAutoContextModificationProvider
[21:32:32] [INFO ] [main] [CONNECTIVE/COMPONENTS] - Starting server...
[21:32:32] [INFO ] [main] [CONNECTIVE/COMPONENTS] - Loading processors...
[21:32:32] [INFO ] [main] [CONNECTIVE/COMPONENTS] - Server is running.
[21:35:04] [DEBUG] [main] [CONNECTIVE/TRANSFORMER] - Assigning FLUID Modification Engine... Using the Cyan Modification Engine...
[21:35:04] [DEBUG] [main] [CONNECTIVE/CYAN] - Preparing to load components...
[21:35:04] [DEBUG] [main] [CONNECTIVE/CYAN] - Finding components...
[21:35:04] [INFO ] [main] [CONNECTIVE/COMPONENTS] - Searching for classes annotated with @CYAN_COMPONENT...
[21:35:04] [DEBUG] [main] [CONNECTIVE/COMPONENTS] - Found class: org.asf.rats.ConnectiveHTTPServer
[21:35:04] [DEBUG] [main] [CONNECTIVE/COMPONENTS] - Found class: org.asf.connective.standalone.main.ConnectiveStandalone
[21:35:04] [DEBUG] [main] [CONNECTIVE/COMPONENTS] - Found class: org.asf.rats.http.BasicFileModule
[21:35:04] [DEBUG] [main] [CONNECTIVE/COMPONENTS] - Found class: org.asf.connective.php.ConnectivePHP
[21:35:04] [DEBUG] [main] [CONNECTIVE/CYAN] - Starting components implementation 'ConnectiveStandalone'...
[21:35:04] [DEBUG] [main] [CONNECTIVE/CYAN] - Loading CyanComponent org.asf.rats.ConnectiveHTTPServer...
[21:35:04] [DEBUG] [main] [CONNECTIVE/COMPONENTS] - Searching for classes of type: org.asf.rats.processors.IAutoRegisterProcessor
[21:35:04] [DEBUG] [main] [CONNECTIVE/CYAN] - Loading CyanComponent org.asf.connective.standalone.main.ConnectiveStandalone...
[21:35:04] [INFO ] [main] [CONNECTIVE/COMPONENTS] - Intanciating configuration...
[21:35:04] [INFO ] [main] [CONNECTIVE/COMPONENTS] - Loading configuration...
[21:35:04] [INFO ] [main] [CONNECTIVE/COMPONENTS] - Loading contextfile(s)...
[21:35:04] [INFO ] [main] [CONNECTIVE/COMPONENTS] - Creating context: root...
[21:35:04] [DEBUG] [main] [CONNECTIVE/COMPONENTS] - Searching for classes of type: org.asf.connective.standalone.ContextFileInstruction
[21:35:04] [DEBUG] [main] [CONNECTIVE/COMPONENTS] - Found class: org.asf.connective.standalone.main.impl.VirtualRootInstruction
[21:35:04] [DEBUG] [main] [CONNECTIVE/COMPONENTS] - Found class: org.asf.connective.standalone.main.impl.DefaultIndexPageInstruction
[21:35:04] [DEBUG] [main] [CONNECTIVE/COMPONENTS] - Found class: org.asf.connective.standalone.main.impl.IndexPageInstruction
[21:35:04] [DEBUG] [main] [CONNECTIVE/COMPONENTS] - Found class: org.asf.connective.standalone.main.impl.RestrictionInstruction
[21:35:04] [DEBUG] [main] [CONNECTIVE/COMPONENTS] - Found class: org.asf.connective.standalone.main.impl.ExtensionInstruction
[21:35:04] [DEBUG] [main] [CONNECTIVE/COMPONENTS] - Found class: org.asf.connective.standalone.main.impl.AliasInstruction
[21:35:04] [DEBUG] [main] [CONNECTIVE/COMPONENTS] - Found class: org.asf.connective.standalone.main.impl.PostHandlerInstruction
[21:35:04] [INFO ] [main] [CONNECTIVE/COMPONENTS] - Assigning server port... Port: 8080
[21:35:04] [DEBUG] [main] [CONNECTIVE/CYAN] - Loading CyanComponent org.asf.rats.http.BasicFileModule...
[21:35:04] [DEBUG] [main] [CONNECTIVE/CYAN] - Loading CyanComponent org.asf.connective.php.ConnectivePHP...
[21:35:04] [DEBUG] [main] [CONNECTIVE/CYAN] - Finalizing...
[21:35:04] [INFO ] [main] [CONNECTIVE/COMPONENTS] - Starting components post-load (bootstrap.call)...
[21:35:04] [DEBUG] [main] [CONNECTIVE/COMPONENTS] - Searching for classes of type: org.asf.rats.http.IAutoContextBuilder
[21:35:04] [DEBUG] [main] [CONNECTIVE/COMPONENTS] - Searching for classes of type: org.asf.rats.http.IAutoContextModificationProvider
[21:35:04] [INFO ] [main] [CONNECTIVE/COMPONENTS] - Starting server...
[21:35:04] [INFO ] [main] [CONNECTIVE/COMPONENTS] - Loading processors...
[21:35:04] [INFO ] [main] [CONNECTIVE/COMPONENTS] - Server is running.
[21:50:07] [DEBUG] [main] [CONNECTIVE/TRANSFORMER] - Assigning FLUID Modification Engine... Using the Cyan Modification Engine...
[21:50:07] [DEBUG] [main] [CONNECTIVE/CYAN] - Preparing to load components...
[21:50:07] [DEBUG] [main] [CONNECTIVE/CYAN] - Finding components...
[21:50:07] [INFO ] [main] [CONNECTIVE/COMPONENTS] - Searching for classes annotated with @CYAN_COMPONENT...
[21:50:07] [DEBUG] [main] [CONNECTIVE/COMPONENTS] - Found class: org.asf.rats.ConnectiveHTTPServer
[21:50:07] [DEBUG] [main] [CONNECTIVE/COMPONENTS] - Found class: org.asf.connective.standalone.main.ConnectiveStandalone
[21:50:07] [DEBUG] [main] [CONNECTIVE/COMPONENTS] - Found class: org.asf.rats.http.BasicFileModule
[21:50:07] [DEBUG] [main] [CONNECTIVE/COMPONENTS] - Found class: org.asf.connective.php.ConnectivePHP
[21:50:07] [DEBUG] [main] [CONNECTIVE/CYAN] - Starting components implementation 'ConnectiveStandalone'...
[21:50:07] [DEBUG] [main] [CONNECTIVE/CYAN] - Loading CyanComponent org.asf.rats.ConnectiveHTTPServer...
[21:50:07] [DEBUG] [main] [CONNECTIVE/COMPONENTS] - Searching for classes of type: org.asf.rats.processors.IAutoRegisterProcessor
[21:50:15] [DEBUG] [main] [CONNECTIVE/TRANSFORMER] - Assigning FLUID Modification Engine... Using the Cyan Modification Engine...
[21:50:15] [DEBUG] [main] [CONNECTIVE/CYAN] - Preparing to load components...
[21:50:15] [DEBUG] [main] [CONNECTIVE/CYAN] - Finding components...
[21:50:15] [INFO ] [main] [CONNECTIVE/COMPONENTS] - Searching for classes annotated with @CYAN_COMPONENT...
[21:50:15] [DEBUG] [main] [CONNECTIVE/COMPONENTS] - Found class: org.asf.rats.ConnectiveHTTPServer
[21:50:15] [DEBUG] [main] [CONNECTIVE/COMPONENTS] - Found class: org.asf.connective.standalone.main.ConnectiveStandalone
[21:50:15] [DEBUG] [main] [CONNECTIVE/COMPONENTS] - Found class: org.asf.rats.http.BasicFileModule
[21:50:15] [DEBUG] [main] [CONNECTIVE/COMPONENTS] - Found class: org.asf.connective.php.ConnectivePHP
[21:50:15] [DEBUG] [main] [CONNECTIVE/CYAN] - Starting components implementation 'ConnectiveStandalone'...
[21:50:15] [DEBUG] [main] [CONNECTIVE/CYAN] - Loading CyanComponent org.asf.rats.ConnectiveHTTPServer...
[21:50:15] [DEBUG] [main] [CONNECTIVE/COMPONENTS] - Searching for classes of type: org.asf.rats.processors.IAutoRegisterProcessor
[21:50:15] [DEBUG] [main] [CONNECTIVE/CYAN] - Loading CyanComponent org.asf.connective.standalone.main.ConnectiveStandalone...
[21:50:15] [INFO ] [main] [CONNECTIVE/COMPONENTS] - Intanciating configuration...
[21:50:15] [INFO ] [main] [CONNECTIVE/COMPONENTS] - Loading configuration...
[21:50:15] [INFO ] [main] [CONNECTIVE/COMPONENTS] - Loading contextfile(s)...
[21:50:15] [INFO ] [main] [CONNECTIVE/COMPONENTS] - Creating context: root...
[21:50:15] [DEBUG] [main] [CONNECTIVE/COMPONENTS] - Searching for classes of type: org.asf.connective.standalone.ContextFileInstruction
[21:50:15] [DEBUG] [main] [CONNECTIVE/COMPONENTS] - Found class: org.asf.connective.standalone.main.impl.VirtualRootInstruction
[21:50:15] [DEBUG] [main] [CONNECTIVE/COMPONENTS] - Found class: org.asf.connective.standalone.main.impl.DefaultIndexPageInstruction
[21:50:15] [DEBUG] [main] [CONNECTIVE/COMPONENTS] - Found class: org.asf.connective.standalone.main.impl.IndexPageInstruction
[21:50:15] [DEBUG] [main] [CONNECTIVE/COMPONENTS] - Found class: org.asf.connective.standalone.main.impl.RestrictionInstruction
[21:50:15] [DEBUG] [main] [CONNECTIVE/COMPONENTS] - Found class: org.asf.connective.standalone.main.impl.ExtensionInstruction
[21:50:15] [DEBUG] [main] [CONNECTIVE/COMPONENTS] - Found class: org.asf.connective.standalone.main.impl.AliasInstruction
[21:50:15] [DEBUG] [main] [CONNECTIVE/COMPONENTS] - Found class: org.asf.connective.standalone.main.impl.PostHandlerInstruction
[21:50:15] [INFO ] [main] [CONNECTIVE/COMPONENTS] - Assigning server port... Port: 8080
[21:50:15] [DEBUG] [main] [CONNECTIVE/CYAN] - Loading CyanComponent org.asf.rats.http.BasicFileModule...
[21:50:15] [DEBUG] [main] [CONNECTIVE/CYAN] - Loading CyanComponent org.asf.connective.php.ConnectivePHP...
[21:50:15] [DEBUG] [main] [CONNECTIVE/CYAN] - Finalizing...
[21:50:15] [INFO ] [main] [CONNECTIVE/COMPONENTS] - Starting components post-load (bootstrap.call)...
[21:50:15] [DEBUG] [main] [CONNECTIVE/COMPONENTS] - Searching for classes of type: org.asf.rats.http.IAutoContextBuilder
[21:50:15] [DEBUG] [main] [CONNECTIVE/COMPONENTS] - Searching for classes of type: org.asf.rats.http.IAutoContextModificationProvider
[21:50:15] [INFO ] [main] [CONNECTIVE/COMPONENTS] - Starting server...
[21:50:15] [INFO ] [main] [CONNECTIVE/COMPONENTS] - Loading processors...
[21:50:15] [INFO ] [main] [CONNECTIVE/COMPONENTS] - Server is running.
[21:50:52] [ERROR] [Client processor (/0:0:0:0:0:0:0:1:53408)] [CONNECTIVE/CONNECTIVEPHP] - Exception in PHP generation
java.lang.NullPointerException: Cannot invoke "org.asf.rats.http.ProviderContext.getSourceDirectory()" because "context" is null
	at org.asf.connective.php.ConnectivePHP.execPHP(ConnectivePHP.java:87)
	at org.asf.connective.php.PhpFileExtensionProvider.rewrite(PhpFileExtensionProvider.java:35)
	at org.asf.connective.php.PhpFileExtensionProvider.process(PhpFileExtensionProvider.java:83)
	at org.asf.rats.http.internal.processors.MainFileProcessor.process(MainFileProcessor.java:173)
	at org.asf.rats.ConnectiveHTTPServer.processRequest(ConnectiveHTTPServer.java:261)
	at org.asf.rats.ConnectiveHTTPServer.lambda$new$0(ConnectiveHTTPServer.java:80)
	at java.base/java.lang.Thread.run(Thread.java:832)
[21:52:22] [DEBUG] [main] [CONNECTIVE/TRANSFORMER] - Assigning FLUID Modification Engine... Using the Cyan Modification Engine...
[21:52:22] [DEBUG] [main] [CONNECTIVE/CYAN] - Preparing to load components...
[21:52:22] [DEBUG] [main] [CONNECTIVE/CYAN] - Finding components...
[21:52:22] [INFO ] [main] [CONNECTIVE/COMPONENTS] - Searching for classes annotated with @CYAN_COMPONENT...
[21:52:22] [DEBUG] [main] [CONNECTIVE/COMPONENTS] - Found class: org.asf.rats.ConnectiveHTTPServer
[21:52:22] [DEBUG] [main] [CONNECTIVE/COMPONENTS] - Found class: org.asf.connective.standalone.main.ConnectiveStandalone
[21:52:22] [DEBUG] [main] [CONNECTIVE/COMPONENTS] - Found class: org.asf.rats.http.BasicFileModule
[21:52:22] [DEBUG] [main] [CONNECTIVE/COMPONENTS] - Found class: org.asf.connective.php.ConnectivePHP
[21:52:22] [DEBUG] [main] [CONNECTIVE/CYAN] - Starting components implementation 'ConnectiveStandalone'...
[21:52:22] [DEBUG] [main] [CONNECTIVE/CYAN] - Loading CyanComponent org.asf.rats.ConnectiveHTTPServer...
[21:52:22] [DEBUG] [main] [CONNECTIVE/COMPONENTS] - Searching for classes of type: org.asf.rats.processors.IAutoRegisterProcessor
[21:52:22] [DEBUG] [main] [CONNECTIVE/CYAN] - Loading CyanComponent org.asf.connective.standalone.main.ConnectiveStandalone...
[21:52:22] [INFO ] [main] [CONNECTIVE/COMPONENTS] - Intanciating configuration...
[21:52:22] [INFO ] [main] [CONNECTIVE/COMPONENTS] - Loading configuration...
[21:52:22] [INFO ] [main] [CONNECTIVE/COMPONENTS] - Loading contextfile(s)...
[21:52:22] [INFO ] [main] [CONNECTIVE/COMPONENTS] - Creating context: root...
[21:52:22] [DEBUG] [main] [CONNECTIVE/COMPONENTS] - Searching for classes of type: org.asf.connective.standalone.ContextFileInstruction
[21:52:22] [DEBUG] [main] [CONNECTIVE/COMPONENTS] - Found class: org.asf.connective.standalone.main.impl.VirtualRootInstruction
[21:52:22] [DEBUG] [main] [CONNECTIVE/COMPONENTS] - Found class: org.asf.connective.standalone.main.impl.DefaultIndexPageInstruction
[21:52:22] [DEBUG] [main] [CONNECTIVE/COMPONENTS] - Found class: org.asf.connective.standalone.main.impl.IndexPageInstruction
[21:52:22] [DEBUG] [main] [CONNECTIVE/COMPONENTS] - Found class: org.asf.connective.standalone.main.impl.RestrictionInstruction
[21:52:22] [DEBUG] [main] [CONNECTIVE/COMPONENTS] - Found class: org.asf.connective.standalone.main.impl.ExtensionInstruction
[21:52:22] [DEBUG] [main] [CONNECTIVE/COMPONENTS] - Found class: org.asf.connective.standalone.main.impl.AliasInstruction
[21:52:22] [DEBUG] [main] [CONNECTIVE/COMPONENTS] - Found class: org.asf.connective.standalone.main.impl.PostHandlerInstruction
[21:52:22] [ERROR] [main] [CONNECTIVE/COMPONENTS] - Failed to run instruction: extension
java.lang.NoSuchMethodException: org.asf.connective.php.PhpFileExtensionProvider.<init>()
	at java.base/java.lang.Class.getConstructor0(Class.java:3508)
	at java.base/java.lang.Class.getConstructor(Class.java:2244)
	at org.asf.connective.standalone.main.impl.ExtensionInstruction.run(ExtensionInstruction.java:32)
	at org.asf.connective.standalone.main.ConnectiveStandalone.lambda$initComponent$4(ConnectiveStandalone.java:373)
	at java.base/java.util.HashMap.forEach(HashMap.java:1425)
	at org.asf.connective.standalone.main.ConnectiveStandalone.initComponent(ConnectiveStandalone.java:320)
	at java.base/jdk.internal.reflect.NativeMethodAccessorImpl.invoke0(Native Method)
	at java.base/jdk.internal.reflect.NativeMethodAccessorImpl.invoke(NativeMethodAccessorImpl.java:64)
	at java.base/jdk.internal.reflect.DelegatingMethodAccessorImpl.invoke(DelegatingMethodAccessorImpl.java:43)
	at java.base/java.lang.reflect.Method.invoke(Method.java:564)
	at org.asf.cyan.api.common.CyanComponent.initializeComponentClasses(CyanComponent.java:429)
	at org.asf.connective.standalone.main.ConnectiveStandalone.initializeComponents(ConnectiveStandalone.java:295)
	at org.asf.connective.standalone.main.ConnectiveStandalone.main(ConnectiveStandalone.java:101)
[21:52:22] [ERROR] [main] [CONNECTIVE/COMPONENTS] - Failed to run instruction: posthandler
java.lang.NoSuchMethodException: org.asf.connective.php.PhpFileExtensionProvider.<init>()
	at java.base/java.lang.Class.getConstructor0(Class.java:3508)
	at java.base/java.lang.Class.getConstructor(Class.java:2244)
	at org.asf.connective.standalone.main.impl.PostHandlerInstruction.run(PostHandlerInstruction.java:191)
	at org.asf.connective.standalone.main.ConnectiveStandalone.lambda$initComponent$4(ConnectiveStandalone.java:373)
	at java.base/java.util.HashMap.forEach(HashMap.java:1425)
	at org.asf.connective.standalone.main.ConnectiveStandalone.initComponent(ConnectiveStandalone.java:320)
	at java.base/jdk.internal.reflect.NativeMethodAccessorImpl.invoke0(Native Method)
	at java.base/jdk.internal.reflect.NativeMethodAccessorImpl.invoke(NativeMethodAccessorImpl.java:64)
	at java.base/jdk.internal.reflect.DelegatingMethodAccessorImpl.invoke(DelegatingMethodAccessorImpl.java:43)
	at java.base/java.lang.reflect.Method.invoke(Method.java:564)
	at org.asf.cyan.api.common.CyanComponent.initializeComponentClasses(CyanComponent.java:429)
	at org.asf.connective.standalone.main.ConnectiveStandalone.initializeComponents(ConnectiveStandalone.java:295)
	at org.asf.connective.standalone.main.ConnectiveStandalone.main(ConnectiveStandalone.java:101)
[21:52:22] [INFO ] [main] [CONNECTIVE/COMPONENTS] - Assigning server port... Port: 8080
[21:52:22] [DEBUG] [main] [CONNECTIVE/CYAN] - Loading CyanComponent org.asf.rats.http.BasicFileModule...
[21:52:22] [DEBUG] [main] [CONNECTIVE/CYAN] - Loading CyanComponent org.asf.connective.php.ConnectivePHP...
[21:52:22] [ERROR] [main] [CONNECTIVE/PHPMODIFICATIONMANAGER] - Module error, could not run command: extension "class:org.asf.connective.php.PhpFileExtensionProvider"
java.lang.NoSuchMethodException: org.asf.connective.php.PhpFileExtensionProvider.<init>()
	at java.base/java.lang.Class.getConstructor0(Class.java:3508)
	at java.base/java.lang.Class.getConstructor(Class.java:2244)
	at org.asf.connective.php.PhpModificationManager.prepareModifications(PhpModificationManager.java:75)
	at org.asf.connective.php.PhpModificationManager.start(PhpModificationManager.java:182)
	at org.asf.connective.php.ConnectivePHP.initComponent(ConnectivePHP.java:35)
	at java.base/jdk.internal.reflect.NativeMethodAccessorImpl.invoke0(Native Method)
	at java.base/jdk.internal.reflect.NativeMethodAccessorImpl.invoke(NativeMethodAccessorImpl.java:64)
	at java.base/jdk.internal.reflect.DelegatingMethodAccessorImpl.invoke(DelegatingMethodAccessorImpl.java:43)
	at java.base/java.lang.reflect.Method.invoke(Method.java:564)
	at org.asf.cyan.api.common.CyanComponent.initializeComponentClasses(CyanComponent.java:429)
	at org.asf.connective.standalone.main.ConnectiveStandalone.initializeComponents(ConnectiveStandalone.java:295)
	at org.asf.connective.standalone.main.ConnectiveStandalone.main(ConnectiveStandalone.java:101)
[21:52:22] [DEBUG] [main] [CONNECTIVE/CYAN] - Finalizing...
[21:52:22] [INFO ] [main] [CONNECTIVE/COMPONENTS] - Starting components post-load (bootstrap.call)...
[21:52:22] [DEBUG] [main] [CONNECTIVE/COMPONENTS] - Searching for classes of type: org.asf.rats.http.IAutoContextBuilder
[21:52:22] [DEBUG] [main] [CONNECTIVE/COMPONENTS] - Searching for classes of type: org.asf.rats.http.IAutoContextModificationProvider
[21:52:22] [INFO ] [main] [CONNECTIVE/COMPONENTS] - Starting server...
[21:52:22] [INFO ] [main] [CONNECTIVE/COMPONENTS] - Loading processors...
[21:52:22] [INFO ] [main] [CONNECTIVE/COMPONENTS] - Server is running.
[21:52:45] [DEBUG] [main] [CONNECTIVE/TRANSFORMER] - Assigning FLUID Modification Engine... Using the Cyan Modification Engine...
[21:52:45] [DEBUG] [main] [CONNECTIVE/CYAN] - Preparing to load components...
[21:52:45] [DEBUG] [main] [CONNECTIVE/CYAN] - Finding components...
[21:52:45] [INFO ] [main] [CONNECTIVE/COMPONENTS] - Searching for classes annotated with @CYAN_COMPONENT...
[21:52:45] [DEBUG] [main] [CONNECTIVE/COMPONENTS] - Found class: org.asf.rats.ConnectiveHTTPServer
[21:52:45] [DEBUG] [main] [CONNECTIVE/COMPONENTS] - Found class: org.asf.connective.standalone.main.ConnectiveStandalone
[21:52:45] [DEBUG] [main] [CONNECTIVE/COMPONENTS] - Found class: org.asf.rats.http.BasicFileModule
[21:52:45] [DEBUG] [main] [CONNECTIVE/COMPONENTS] - Found class: org.asf.connective.php.ConnectivePHP
[21:52:45] [DEBUG] [main] [CONNECTIVE/CYAN] - Starting components implementation 'ConnectiveStandalone'...
[21:52:45] [DEBUG] [main] [CONNECTIVE/CYAN] - Loading CyanComponent org.asf.rats.ConnectiveHTTPServer...
[21:52:45] [DEBUG] [main] [CONNECTIVE/COMPONENTS] - Searching for classes of type: org.asf.rats.processors.IAutoRegisterProcessor
[21:52:45] [DEBUG] [main] [CONNECTIVE/CYAN] - Loading CyanComponent org.asf.connective.standalone.main.ConnectiveStandalone...
[21:52:45] [INFO ] [main] [CONNECTIVE/COMPONENTS] - Intanciating configuration...
[21:52:45] [INFO ] [main] [CONNECTIVE/COMPONENTS] - Loading configuration...
[21:52:46] [INFO ] [main] [CONNECTIVE/COMPONENTS] - Loading contextfile(s)...
[21:52:46] [INFO ] [main] [CONNECTIVE/COMPONENTS] - Creating context: root...
[21:52:46] [DEBUG] [main] [CONNECTIVE/COMPONENTS] - Searching for classes of type: org.asf.connective.standalone.ContextFileInstruction
[21:52:46] [DEBUG] [main] [CONNECTIVE/COMPONENTS] - Found class: org.asf.connective.standalone.main.impl.VirtualRootInstruction
[21:52:46] [DEBUG] [main] [CONNECTIVE/COMPONENTS] - Found class: org.asf.connective.standalone.main.impl.DefaultIndexPageInstruction
[21:52:46] [DEBUG] [main] [CONNECTIVE/COMPONENTS] - Found class: org.asf.connective.standalone.main.impl.IndexPageInstruction
[21:52:46] [DEBUG] [main] [CONNECTIVE/COMPONENTS] - Found class: org.asf.connective.standalone.main.impl.RestrictionInstruction
[21:52:46] [DEBUG] [main] [CONNECTIVE/COMPONENTS] - Found class: org.asf.connective.standalone.main.impl.ExtensionInstruction
[21:52:46] [DEBUG] [main] [CONNECTIVE/COMPONENTS] - Found class: org.asf.connective.standalone.main.impl.AliasInstruction
[21:52:46] [DEBUG] [main] [CONNECTIVE/COMPONENTS] - Found class: org.asf.connective.standalone.main.impl.PostHandlerInstruction
[21:52:46] [INFO ] [main] [CONNECTIVE/COMPONENTS] - Assigning server port... Port: 8080
[21:52:46] [DEBUG] [main] [CONNECTIVE/CYAN] - Loading CyanComponent org.asf.rats.http.BasicFileModule...
[21:52:46] [DEBUG] [main] [CONNECTIVE/CYAN] - Loading CyanComponent org.asf.connective.php.ConnectivePHP...
[21:52:46] [DEBUG] [main] [CONNECTIVE/CYAN] - Finalizing...
[21:52:46] [INFO ] [main] [CONNECTIVE/COMPONENTS] - Starting components post-load (bootstrap.call)...
[21:52:46] [DEBUG] [main] [CONNECTIVE/COMPONENTS] - Searching for classes of type: org.asf.rats.http.IAutoContextBuilder
[21:52:46] [DEBUG] [main] [CONNECTIVE/COMPONENTS] - Searching for classes of type: org.asf.rats.http.IAutoContextModificationProvider
[21:52:46] [INFO ] [main] [CONNECTIVE/COMPONENTS] - Starting server...
[21:52:46] [INFO ] [main] [CONNECTIVE/COMPONENTS] - Loading processors...
[21:52:46] [INFO ] [main] [CONNECTIVE/COMPONENTS] - Server is running.
[21:53:10] [ERROR] [Client processor (/0:0:0:0:0:0:0:1:54418)] [CONNECTIVE/CONNECTIVEHTTPSERVER] - Failed to process request
java.net.SocketException: Socket closed
	at java.base/sun.nio.ch.NioSocketImpl.ensureOpenAndConnected(NioSocketImpl.java:165)
	at java.base/sun.nio.ch.NioSocketImpl.beginWrite(NioSocketImpl.java:366)
	at java.base/sun.nio.ch.NioSocketImpl.implWrite(NioSocketImpl.java:411)
	at java.base/sun.nio.ch.NioSocketImpl.write(NioSocketImpl.java:440)
	at java.base/sun.nio.ch.NioSocketImpl$2.write(NioSocketImpl.java:826)
	at java.base/java.net.Socket$SocketOutputStream.write(Socket.java:1051)
	at java.base/java.io.OutputStream.write(OutputStream.java:127)
	at org.asf.rats.HttpResponse.build(HttpResponse.java:153)
	at org.asf.rats.ConnectiveHTTPServer.closeConnection(ConnectiveHTTPServer.java:332)
	at org.asf.rats.ConnectiveHTTPServer.processRequest(ConnectiveHTTPServer.java:263)
	at org.asf.rats.ConnectiveHTTPServer.lambda$new$0(ConnectiveHTTPServer.java:80)
	at java.base/java.lang.Thread.run(Thread.java:832)
[22:01:52] [DEBUG] [main] [CONNECTIVE/TRANSFORMER] - Assigning FLUID Modification Engine... Using the Cyan Modification Engine...
[22:01:52] [DEBUG] [main] [CONNECTIVE/CYAN] - Preparing to load components...
[22:01:52] [DEBUG] [main] [CONNECTIVE/CYAN] - Finding components...
[22:01:52] [INFO ] [main] [CONNECTIVE/COMPONENTS] - Searching for classes annotated with @CYAN_COMPONENT...
[22:01:52] [DEBUG] [main] [CONNECTIVE/COMPONENTS] - Found class: org.asf.rats.ConnectiveHTTPServer
[22:01:52] [DEBUG] [main] [CONNECTIVE/COMPONENTS] - Found class: org.asf.connective.standalone.main.ConnectiveStandalone
[22:01:52] [DEBUG] [main] [CONNECTIVE/COMPONENTS] - Found class: org.asf.rats.http.BasicFileModule
[22:01:52] [DEBUG] [main] [CONNECTIVE/COMPONENTS] - Found class: org.asf.connective.php.ConnectivePHP
[22:01:52] [DEBUG] [main] [CONNECTIVE/CYAN] - Starting components implementation 'ConnectiveStandalone'...
[22:01:52] [DEBUG] [main] [CONNECTIVE/CYAN] - Loading CyanComponent org.asf.rats.ConnectiveHTTPServer...
[22:01:52] [DEBUG] [main] [CONNECTIVE/COMPONENTS] - Searching for classes of type: org.asf.rats.processors.IAutoRegisterProcessor
[22:01:52] [DEBUG] [main] [CONNECTIVE/CYAN] - Loading CyanComponent org.asf.connective.standalone.main.ConnectiveStandalone...
[22:01:52] [INFO ] [main] [CONNECTIVE/COMPONENTS] - Intanciating configuration...
[22:01:52] [INFO ] [main] [CONNECTIVE/COMPONENTS] - Loading configuration...
[22:01:52] [INFO ] [main] [CONNECTIVE/COMPONENTS] - Loading contextfile(s)...
[22:01:52] [INFO ] [main] [CONNECTIVE/COMPONENTS] - Creating context: root...
[22:01:52] [DEBUG] [main] [CONNECTIVE/COMPONENTS] - Searching for classes of type: org.asf.connective.standalone.ContextFileInstruction
[22:01:52] [DEBUG] [main] [CONNECTIVE/COMPONENTS] - Found class: org.asf.connective.standalone.main.impl.VirtualRootInstruction
[22:01:52] [DEBUG] [main] [CONNECTIVE/COMPONENTS] - Found class: org.asf.connective.standalone.main.impl.DefaultIndexPageInstruction
[22:01:52] [DEBUG] [main] [CONNECTIVE/COMPONENTS] - Found class: org.asf.connective.standalone.main.impl.IndexPageInstruction
[22:01:52] [DEBUG] [main] [CONNECTIVE/COMPONENTS] - Found class: org.asf.connective.standalone.main.impl.RestrictionInstruction
[22:01:52] [DEBUG] [main] [CONNECTIVE/COMPONENTS] - Found class: org.asf.connective.standalone.main.impl.ExtensionInstruction
[22:01:52] [DEBUG] [main] [CONNECTIVE/COMPONENTS] - Found class: org.asf.connective.standalone.main.impl.AliasInstruction
[22:01:52] [DEBUG] [main] [CONNECTIVE/COMPONENTS] - Found class: org.asf.connective.standalone.main.impl.PostHandlerInstruction
[22:01:52] [INFO ] [main] [CONNECTIVE/COMPONENTS] - Assigning server port... Port: 8080
[22:01:52] [DEBUG] [main] [CONNECTIVE/CYAN] - Loading CyanComponent org.asf.rats.http.BasicFileModule...
[22:01:52] [DEBUG] [main] [CONNECTIVE/CYAN] - Loading CyanComponent org.asf.connective.php.ConnectivePHP...
[22:01:52] [DEBUG] [main] [CONNECTIVE/CYAN] - Finalizing...
[22:01:52] [INFO ] [main] [CONNECTIVE/COMPONENTS] - Starting components post-load (bootstrap.call)...
[22:01:52] [DEBUG] [main] [CONNECTIVE/COMPONENTS] - Searching for classes of type: org.asf.rats.http.IAutoContextBuilder
[22:01:52] [DEBUG] [main] [CONNECTIVE/COMPONENTS] - Searching for classes of type: org.asf.rats.http.IAutoContextModificationProvider
[22:01:52] [INFO ] [main] [CONNECTIVE/COMPONENTS] - Starting server...
[22:01:52] [INFO ] [main] [CONNECTIVE/COMPONENTS] - Loading processors...
[22:01:52] [INFO ] [main] [CONNECTIVE/COMPONENTS] - Server is running.
[22:01:53] [ERROR] [Client processor (/0:0:0:0:0:0:0:1:59044)] [CONNECTIVE/CONNECTIVEHTTPSERVER] - Failed to process request
java.net.SocketException: Socket closed
	at java.base/sun.nio.ch.NioSocketImpl.ensureOpenAndConnected(NioSocketImpl.java:165)
	at java.base/sun.nio.ch.NioSocketImpl.beginWrite(NioSocketImpl.java:366)
	at java.base/sun.nio.ch.NioSocketImpl.implWrite(NioSocketImpl.java:411)
	at java.base/sun.nio.ch.NioSocketImpl.write(NioSocketImpl.java:440)
	at java.base/sun.nio.ch.NioSocketImpl$2.write(NioSocketImpl.java:826)
	at java.base/java.net.Socket$SocketOutputStream.write(Socket.java:1051)
	at java.base/java.io.OutputStream.write(OutputStream.java:127)
	at org.asf.rats.HttpResponse.build(HttpResponse.java:153)
	at org.asf.rats.ConnectiveHTTPServer.closeConnection(ConnectiveHTTPServer.java:332)
	at org.asf.rats.ConnectiveHTTPServer.processRequest(ConnectiveHTTPServer.java:263)
	at org.asf.rats.ConnectiveHTTPServer.lambda$new$0(ConnectiveHTTPServer.java:80)
	at java.base/java.lang.Thread.run(Thread.java:832)
[22:01:55] [ERROR] [Client processor (/0:0:0:0:0:0:0:1:59054)] [CONNECTIVE/CONNECTIVEHTTPSERVER] - Failed to process request
java.net.SocketException: Socket closed
	at java.base/sun.nio.ch.NioSocketImpl.ensureOpenAndConnected(NioSocketImpl.java:165)
	at java.base/sun.nio.ch.NioSocketImpl.beginWrite(NioSocketImpl.java:366)
	at java.base/sun.nio.ch.NioSocketImpl.implWrite(NioSocketImpl.java:411)
	at java.base/sun.nio.ch.NioSocketImpl.write(NioSocketImpl.java:440)
	at java.base/sun.nio.ch.NioSocketImpl$2.write(NioSocketImpl.java:826)
	at java.base/java.net.Socket$SocketOutputStream.write(Socket.java:1051)
	at java.base/java.io.OutputStream.write(OutputStream.java:127)
	at org.asf.rats.HttpResponse.build(HttpResponse.java:153)
	at org.asf.rats.ConnectiveHTTPServer.closeConnection(ConnectiveHTTPServer.java:332)
	at org.asf.rats.ConnectiveHTTPServer.processRequest(ConnectiveHTTPServer.java:263)
	at org.asf.rats.ConnectiveHTTPServer.lambda$new$0(ConnectiveHTTPServer.java:80)
	at java.base/java.lang.Thread.run(Thread.java:832)
[22:03:08] [ERROR] [Client processor (/0:0:0:0:0:0:0:1:59684)] [CONNECTIVE/CONNECTIVEHTTPSERVER] - Failed to process request
java.net.SocketException: Socket closed
	at java.base/sun.nio.ch.NioSocketImpl.ensureOpenAndConnected(NioSocketImpl.java:165)
	at java.base/sun.nio.ch.NioSocketImpl.beginWrite(NioSocketImpl.java:366)
	at java.base/sun.nio.ch.NioSocketImpl.implWrite(NioSocketImpl.java:411)
	at java.base/sun.nio.ch.NioSocketImpl.write(NioSocketImpl.java:440)
	at java.base/sun.nio.ch.NioSocketImpl$2.write(NioSocketImpl.java:826)
	at java.base/java.net.Socket$SocketOutputStream.write(Socket.java:1051)
	at java.base/java.io.OutputStream.write(OutputStream.java:127)
	at org.asf.rats.HttpResponse.build(HttpResponse.java:153)
	at org.asf.rats.ConnectiveHTTPServer.closeConnection(ConnectiveHTTPServer.java:332)
	at org.asf.rats.ConnectiveHTTPServer.processRequest(ConnectiveHTTPServer.java:263)
	at org.asf.rats.ConnectiveHTTPServer.lambda$new$0(ConnectiveHTTPServer.java:80)
	at java.base/java.lang.Thread.run(Thread.java:832)
[22:03:35] [DEBUG] [main] [CONNECTIVE/TRANSFORMER] - Assigning FLUID Modification Engine... Using the Cyan Modification Engine...
[22:03:35] [DEBUG] [main] [CONNECTIVE/CYAN] - Preparing to load components...
[22:03:35] [DEBUG] [main] [CONNECTIVE/CYAN] - Finding components...
[22:03:35] [INFO ] [main] [CONNECTIVE/COMPONENTS] - Searching for classes annotated with @CYAN_COMPONENT...
[22:03:35] [DEBUG] [main] [CONNECTIVE/COMPONENTS] - Found class: org.asf.rats.ConnectiveHTTPServer
[22:03:35] [DEBUG] [main] [CONNECTIVE/COMPONENTS] - Found class: org.asf.connective.standalone.main.ConnectiveStandalone
[22:03:35] [DEBUG] [main] [CONNECTIVE/COMPONENTS] - Found class: org.asf.rats.http.BasicFileModule
[22:03:35] [DEBUG] [main] [CONNECTIVE/COMPONENTS] - Found class: org.asf.connective.php.ConnectivePHP
[22:03:35] [DEBUG] [main] [CONNECTIVE/CYAN] - Starting components implementation 'ConnectiveStandalone'...
[22:03:35] [DEBUG] [main] [CONNECTIVE/CYAN] - Loading CyanComponent org.asf.rats.ConnectiveHTTPServer...
[22:03:35] [DEBUG] [main] [CONNECTIVE/COMPONENTS] - Searching for classes of type: org.asf.rats.processors.IAutoRegisterProcessor
[22:03:35] [DEBUG] [main] [CONNECTIVE/CYAN] - Loading CyanComponent org.asf.connective.standalone.main.ConnectiveStandalone...
[22:03:35] [INFO ] [main] [CONNECTIVE/COMPONENTS] - Intanciating configuration...
[22:03:35] [INFO ] [main] [CONNECTIVE/COMPONENTS] - Loading configuration...
[22:03:35] [INFO ] [main] [CONNECTIVE/COMPONENTS] - Loading contextfile(s)...
[22:03:35] [INFO ] [main] [CONNECTIVE/COMPONENTS] - Creating context: root...
[22:03:35] [DEBUG] [main] [CONNECTIVE/COMPONENTS] - Searching for classes of type: org.asf.connective.standalone.ContextFileInstruction
[22:03:35] [DEBUG] [main] [CONNECTIVE/COMPONENTS] - Found class: org.asf.connective.standalone.main.impl.VirtualRootInstruction
[22:03:35] [DEBUG] [main] [CONNECTIVE/COMPONENTS] - Found class: org.asf.connective.standalone.main.impl.DefaultIndexPageInstruction
[22:03:35] [DEBUG] [main] [CONNECTIVE/COMPONENTS] - Found class: org.asf.connective.standalone.main.impl.IndexPageInstruction
[22:03:35] [DEBUG] [main] [CONNECTIVE/COMPONENTS] - Found class: org.asf.connective.standalone.main.impl.RestrictionInstruction
[22:03:35] [DEBUG] [main] [CONNECTIVE/COMPONENTS] - Found class: org.asf.connective.standalone.main.impl.ExtensionInstruction
[22:03:35] [DEBUG] [main] [CONNECTIVE/COMPONENTS] - Found class: org.asf.connective.standalone.main.impl.AliasInstruction
[22:03:35] [DEBUG] [main] [CONNECTIVE/COMPONENTS] - Found class: org.asf.connective.standalone.main.impl.PostHandlerInstruction
[22:03:35] [INFO ] [main] [CONNECTIVE/COMPONENTS] - Assigning server port... Port: 8080
[22:03:35] [DEBUG] [main] [CONNECTIVE/CYAN] - Loading CyanComponent org.asf.rats.http.BasicFileModule...
[22:03:35] [DEBUG] [main] [CONNECTIVE/CYAN] - Loading CyanComponent org.asf.connective.php.ConnectivePHP...
[22:03:35] [DEBUG] [main] [CONNECTIVE/CYAN] - Finalizing...
[22:03:35] [INFO ] [main] [CONNECTIVE/COMPONENTS] - Starting components post-load (bootstrap.call)...
[22:03:35] [DEBUG] [main] [CONNECTIVE/COMPONENTS] - Searching for classes of type: org.asf.rats.http.IAutoContextBuilder
[22:03:35] [DEBUG] [main] [CONNECTIVE/COMPONENTS] - Searching for classes of type: org.asf.rats.http.IAutoContextModificationProvider
[22:03:35] [INFO ] [main] [CONNECTIVE/COMPONENTS] - Starting server...
[22:03:35] [INFO ] [main] [CONNECTIVE/COMPONENTS] - Loading processors...
[22:03:35] [INFO ] [main] [CONNECTIVE/COMPONENTS] - Server is running.
[22:03:37] [ERROR] [Client processor (/0:0:0:0:0:0:0:1:59944)] [CONNECTIVE/CONNECTIVEHTTPSERVER] - Failed to process request
java.io.IOException: Stream closed
	at java.base/java.io.BufferedInputStream.getBufIfOpen(BufferedInputStream.java:168)
	at java.base/java.io.BufferedInputStream.read(BufferedInputStream.java:334)
	at java.base/java.io.InputStream.transferTo(InputStream.java:776)
	at org.asf.rats.HttpResponse.build(HttpResponse.java:155)
	at org.asf.rats.ConnectiveHTTPServer.closeConnection(ConnectiveHTTPServer.java:332)
	at org.asf.rats.ConnectiveHTTPServer.processRequest(ConnectiveHTTPServer.java:263)
	at org.asf.rats.ConnectiveHTTPServer.lambda$new$0(ConnectiveHTTPServer.java:80)
	at java.base/java.lang.Thread.run(Thread.java:832)
[22:04:03] [ERROR] [Client processor (/0:0:0:0:0:0:0:1:60162)] [CONNECTIVE/CONNECTIVEHTTPSERVER] - Failed to process request
java.io.IOException: Stream closed
	at java.base/java.io.BufferedInputStream.getBufIfOpen(BufferedInputStream.java:168)
	at java.base/java.io.BufferedInputStream.read(BufferedInputStream.java:334)
	at java.base/java.io.InputStream.transferTo(InputStream.java:776)
	at org.asf.rats.HttpResponse.build(HttpResponse.java:155)
	at org.asf.rats.ConnectiveHTTPServer.closeConnection(ConnectiveHTTPServer.java:332)
	at org.asf.rats.ConnectiveHTTPServer.processRequest(ConnectiveHTTPServer.java:263)
	at org.asf.rats.ConnectiveHTTPServer.lambda$new$0(ConnectiveHTTPServer.java:80)
	at java.base/java.lang.Thread.run(Thread.java:832)
[22:04:09] [ERROR] [Client processor (/0:0:0:0:0:0:0:1:60204)] [CONNECTIVE/CONNECTIVEHTTPSERVER] - Failed to process request
java.io.IOException: Stream closed
	at java.base/java.io.BufferedInputStream.getBufIfOpen(BufferedInputStream.java:168)
	at java.base/java.io.BufferedInputStream.read(BufferedInputStream.java:334)
	at java.base/java.io.InputStream.transferTo(InputStream.java:776)
	at org.asf.rats.HttpResponse.build(HttpResponse.java:155)
	at org.asf.rats.ConnectiveHTTPServer.closeConnection(ConnectiveHTTPServer.java:332)
	at org.asf.rats.ConnectiveHTTPServer.processRequest(ConnectiveHTTPServer.java:263)
	at org.asf.rats.ConnectiveHTTPServer.lambda$new$0(ConnectiveHTTPServer.java:80)
	at java.base/java.lang.Thread.run(Thread.java:832)
[22:04:18] [ERROR] [Client processor (/0:0:0:0:0:0:0:1:60300)] [CONNECTIVE/CONNECTIVEHTTPSERVER] - Failed to process request
java.io.IOException: Stream closed
	at java.base/java.io.BufferedInputStream.getBufIfOpen(BufferedInputStream.java:168)
	at java.base/java.io.BufferedInputStream.read(BufferedInputStream.java:334)
	at java.base/java.io.InputStream.transferTo(InputStream.java:776)
	at org.asf.rats.HttpResponse.build(HttpResponse.java:155)
	at org.asf.rats.ConnectiveHTTPServer.closeConnection(ConnectiveHTTPServer.java:332)
	at org.asf.rats.ConnectiveHTTPServer.processRequest(ConnectiveHTTPServer.java:263)
	at org.asf.rats.ConnectiveHTTPServer.lambda$new$0(ConnectiveHTTPServer.java:80)
	at java.base/java.lang.Thread.run(Thread.java:832)
[22:04:21] [ERROR] [Client processor (/0:0:0:0:0:0:0:1:60326)] [CONNECTIVE/CONNECTIVEHTTPSERVER] - Failed to process request
java.io.IOException: Stream closed
	at java.base/java.io.BufferedInputStream.getBufIfOpen(BufferedInputStream.java:168)
	at java.base/java.io.BufferedInputStream.read(BufferedInputStream.java:334)
	at java.base/java.io.InputStream.transferTo(InputStream.java:776)
	at org.asf.rats.HttpResponse.build(HttpResponse.java:155)
	at org.asf.rats.ConnectiveHTTPServer.closeConnection(ConnectiveHTTPServer.java:332)
	at org.asf.rats.ConnectiveHTTPServer.processRequest(ConnectiveHTTPServer.java:263)
	at org.asf.rats.ConnectiveHTTPServer.lambda$new$0(ConnectiveHTTPServer.java:80)
	at java.base/java.lang.Thread.run(Thread.java:832)
[22:09:31] [DEBUG] [main] [CONNECTIVE/TRANSFORMER] - Assigning FLUID Modification Engine... Using the Cyan Modification Engine...
[22:09:31] [DEBUG] [main] [CONNECTIVE/CYAN] - Preparing to load components...
[22:09:31] [DEBUG] [main] [CONNECTIVE/CYAN] - Finding components...
[22:09:31] [INFO ] [main] [CONNECTIVE/COMPONENTS] - Searching for classes annotated with @CYAN_COMPONENT...
[22:09:31] [DEBUG] [main] [CONNECTIVE/COMPONENTS] - Found class: org.asf.rats.ConnectiveHTTPServer
[22:09:31] [DEBUG] [main] [CONNECTIVE/COMPONENTS] - Found class: org.asf.connective.standalone.main.ConnectiveStandalone
[22:09:31] [DEBUG] [main] [CONNECTIVE/COMPONENTS] - Found class: org.asf.rats.http.BasicFileModule
[22:09:31] [DEBUG] [main] [CONNECTIVE/COMPONENTS] - Found class: org.asf.connective.php.ConnectivePHP
[22:09:31] [DEBUG] [main] [CONNECTIVE/CYAN] - Starting components implementation 'ConnectiveStandalone'...
[22:09:31] [DEBUG] [main] [CONNECTIVE/CYAN] - Loading CyanComponent org.asf.rats.ConnectiveHTTPServer...
[22:09:31] [DEBUG] [main] [CONNECTIVE/COMPONENTS] - Searching for classes of type: org.asf.rats.processors.IAutoRegisterProcessor
[22:09:31] [DEBUG] [main] [CONNECTIVE/CYAN] - Loading CyanComponent org.asf.connective.standalone.main.ConnectiveStandalone...
[22:09:31] [INFO ] [main] [CONNECTIVE/COMPONENTS] - Intanciating configuration...
[22:09:31] [INFO ] [main] [CONNECTIVE/COMPONENTS] - Loading configuration...
[22:09:31] [INFO ] [main] [CONNECTIVE/COMPONENTS] - Loading contextfile(s)...
[22:09:31] [INFO ] [main] [CONNECTIVE/COMPONENTS] - Creating context: root...
[22:09:31] [DEBUG] [main] [CONNECTIVE/COMPONENTS] - Searching for classes of type: org.asf.connective.standalone.ContextFileInstruction
[22:09:31] [DEBUG] [main] [CONNECTIVE/COMPONENTS] - Found class: org.asf.connective.standalone.main.impl.VirtualRootInstruction
[22:09:31] [DEBUG] [main] [CONNECTIVE/COMPONENTS] - Found class: org.asf.connective.standalone.main.impl.DefaultIndexPageInstruction
[22:09:31] [DEBUG] [main] [CONNECTIVE/COMPONENTS] - Found class: org.asf.connective.standalone.main.impl.IndexPageInstruction
[22:09:31] [DEBUG] [main] [CONNECTIVE/COMPONENTS] - Found class: org.asf.connective.standalone.main.impl.RestrictionInstruction
[22:09:31] [DEBUG] [main] [CONNECTIVE/COMPONENTS] - Found class: org.asf.connective.standalone.main.impl.ExtensionInstruction
[22:09:31] [DEBUG] [main] [CONNECTIVE/COMPONENTS] - Found class: org.asf.connective.standalone.main.impl.AliasInstruction
[22:09:31] [DEBUG] [main] [CONNECTIVE/COMPONENTS] - Found class: org.asf.connective.standalone.main.impl.PostHandlerInstruction
[22:09:31] [INFO ] [main] [CONNECTIVE/COMPONENTS] - Assigning server port... Port: 8080
[22:09:31] [DEBUG] [main] [CONNECTIVE/CYAN] - Loading CyanComponent org.asf.rats.http.BasicFileModule...
[22:09:31] [DEBUG] [main] [CONNECTIVE/CYAN] - Loading CyanComponent org.asf.connective.php.ConnectivePHP...
[22:09:31] [DEBUG] [main] [CONNECTIVE/CYAN] - Finalizing...
[22:09:31] [INFO ] [main] [CONNECTIVE/COMPONENTS] - Starting components post-load (bootstrap.call)...
[22:09:31] [DEBUG] [main] [CONNECTIVE/COMPONENTS] - Searching for classes of type: org.asf.rats.http.IAutoContextBuilder
[22:09:31] [DEBUG] [main] [CONNECTIVE/COMPONENTS] - Searching for classes of type: org.asf.rats.http.IAutoContextModificationProvider
[22:09:31] [INFO ] [main] [CONNECTIVE/COMPONENTS] - Starting server...
[22:09:31] [INFO ] [main] [CONNECTIVE/COMPONENTS] - Loading processors...
[22:09:31] [INFO ] [main] [CONNECTIVE/COMPONENTS] - Server is running.
[22:09:32] [ERROR] [Client processor (/0:0:0:0:0:0:0:1:34734)] [CONNECTIVE/CONNECTIVEHTTPSERVER] - Failed to process request
java.io.IOException: Stream closed
	at java.base/java.io.BufferedInputStream.getBufIfOpen(BufferedInputStream.java:168)
	at java.base/java.io.BufferedInputStream.read(BufferedInputStream.java:334)
	at java.base/java.io.InputStream.transferTo(InputStream.java:776)
	at org.asf.rats.HttpResponse.build(HttpResponse.java:155)
	at org.asf.rats.ConnectiveHTTPServer.closeConnection(ConnectiveHTTPServer.java:332)
	at org.asf.rats.ConnectiveHTTPServer.processRequest(ConnectiveHTTPServer.java:263)
	at org.asf.rats.ConnectiveHTTPServer.lambda$new$0(ConnectiveHTTPServer.java:80)
	at java.base/java.lang.Thread.run(Thread.java:832)
[22:10:05] [DEBUG] [main] [CONNECTIVE/TRANSFORMER] - Assigning FLUID Modification Engine... Using the Cyan Modification Engine...
[22:10:05] [DEBUG] [main] [CONNECTIVE/CYAN] - Preparing to load components...
[22:10:05] [DEBUG] [main] [CONNECTIVE/CYAN] - Finding components...
[22:10:05] [INFO ] [main] [CONNECTIVE/COMPONENTS] - Searching for classes annotated with @CYAN_COMPONENT...
[22:10:05] [DEBUG] [main] [CONNECTIVE/COMPONENTS] - Found class: org.asf.rats.ConnectiveHTTPServer
[22:10:05] [DEBUG] [main] [CONNECTIVE/COMPONENTS] - Found class: org.asf.connective.standalone.main.ConnectiveStandalone
[22:10:05] [DEBUG] [main] [CONNECTIVE/COMPONENTS] - Found class: org.asf.rats.http.BasicFileModule
[22:10:05] [DEBUG] [main] [CONNECTIVE/COMPONENTS] - Found class: org.asf.connective.php.ConnectivePHP
[22:10:05] [DEBUG] [main] [CONNECTIVE/CYAN] - Starting components implementation 'ConnectiveStandalone'...
[22:10:05] [DEBUG] [main] [CONNECTIVE/CYAN] - Loading CyanComponent org.asf.rats.ConnectiveHTTPServer...
[22:10:05] [DEBUG] [main] [CONNECTIVE/COMPONENTS] - Searching for classes of type: org.asf.rats.processors.IAutoRegisterProcessor
[22:10:05] [DEBUG] [main] [CONNECTIVE/CYAN] - Loading CyanComponent org.asf.connective.standalone.main.ConnectiveStandalone...
[22:10:05] [INFO ] [main] [CONNECTIVE/COMPONENTS] - Intanciating configuration...
[22:10:05] [INFO ] [main] [CONNECTIVE/COMPONENTS] - Loading configuration...
[22:10:05] [INFO ] [main] [CONNECTIVE/COMPONENTS] - Loading contextfile(s)...
[22:10:05] [INFO ] [main] [CONNECTIVE/COMPONENTS] - Creating context: root...
[22:10:05] [DEBUG] [main] [CONNECTIVE/COMPONENTS] - Searching for classes of type: org.asf.connective.standalone.ContextFileInstruction
[22:10:05] [DEBUG] [main] [CONNECTIVE/COMPONENTS] - Found class: org.asf.connective.standalone.main.impl.VirtualRootInstruction
[22:10:05] [DEBUG] [main] [CONNECTIVE/COMPONENTS] - Found class: org.asf.connective.standalone.main.impl.DefaultIndexPageInstruction
[22:10:05] [DEBUG] [main] [CONNECTIVE/COMPONENTS] - Found class: org.asf.connective.standalone.main.impl.IndexPageInstruction
[22:10:05] [DEBUG] [main] [CONNECTIVE/COMPONENTS] - Found class: org.asf.connective.standalone.main.impl.RestrictionInstruction
[22:10:05] [DEBUG] [main] [CONNECTIVE/COMPONENTS] - Found class: org.asf.connective.standalone.main.impl.ExtensionInstruction
[22:10:05] [DEBUG] [main] [CONNECTIVE/COMPONENTS] - Found class: org.asf.connective.standalone.main.impl.AliasInstruction
[22:10:05] [DEBUG] [main] [CONNECTIVE/COMPONENTS] - Found class: org.asf.connective.standalone.main.impl.PostHandlerInstruction
[22:10:05] [INFO ] [main] [CONNECTIVE/COMPONENTS] - Assigning server port... Port: 8080
[22:10:05] [DEBUG] [main] [CONNECTIVE/CYAN] - Loading CyanComponent org.asf.rats.http.BasicFileModule...
[22:10:05] [DEBUG] [main] [CONNECTIVE/CYAN] - Loading CyanComponent org.asf.connective.php.ConnectivePHP...
[22:10:05] [DEBUG] [main] [CONNECTIVE/CYAN] - Finalizing...
[22:10:05] [INFO ] [main] [CONNECTIVE/COMPONENTS] - Starting components post-load (bootstrap.call)...
[22:10:05] [DEBUG] [main] [CONNECTIVE/COMPONENTS] - Searching for classes of type: org.asf.rats.http.IAutoContextBuilder
[22:10:05] [DEBUG] [main] [CONNECTIVE/COMPONENTS] - Searching for classes of type: org.asf.rats.http.IAutoContextModificationProvider
[22:10:05] [INFO ] [main] [CONNECTIVE/COMPONENTS] - Starting server...
[22:10:05] [INFO ] [main] [CONNECTIVE/COMPONENTS] - Loading processors...
[22:10:05] [INFO ] [main] [CONNECTIVE/COMPONENTS] - Server is running.
[08:31:00] [DEBUG] [main] [CONNECTIVE/TRANSFORMER] - Assigning FLUID Modification Engine... Using the Cyan Modification Engine...
[08:31:00] [DEBUG] [main] [CONNECTIVE/CYAN] - Preparing to load components...
[08:31:00] [DEBUG] [main] [CONNECTIVE/CYAN] - Finding components...
[08:31:00] [INFO ] [main] [CONNECTIVE/COMPONENTS] - Searching for classes annotated with @CYAN_COMPONENT...
[08:31:00] [DEBUG] [main] [CONNECTIVE/COMPONENTS] - Found class: org.asf.rats.ConnectiveHTTPServer
[08:31:00] [DEBUG] [main] [CONNECTIVE/COMPONENTS] - Found class: org.asf.connective.standalone.main.ConnectiveStandalone
[08:31:00] [DEBUG] [main] [CONNECTIVE/COMPONENTS] - Found class: org.asf.rats.http.BasicFileModule
[08:31:00] [DEBUG] [main] [CONNECTIVE/COMPONENTS] - Found class: org.asf.connective.php.ConnectivePHP
[08:31:00] [DEBUG] [main] [CONNECTIVE/CYAN] - Starting components implementation 'ConnectiveStandalone'...
[08:31:00] [DEBUG] [main] [CONNECTIVE/CYAN] - Loading CyanComponent org.asf.rats.ConnectiveHTTPServer...
[08:31:00] [DEBUG] [main] [CONNECTIVE/COMPONENTS] - Searching for classes of type: org.asf.rats.processors.IAutoRegisterProcessor
[08:31:00] [DEBUG] [main] [CONNECTIVE/CYAN] - Loading CyanComponent org.asf.connective.standalone.main.ConnectiveStandalone...
[08:31:00] [INFO ] [main] [CONNECTIVE/COMPONENTS] - Intanciating configuration...
[08:31:00] [INFO ] [main] [CONNECTIVE/COMPONENTS] - Loading configuration...
[08:31:00] [INFO ] [main] [CONNECTIVE/COMPONENTS] - Loading contextfile(s)...
[08:31:00] [INFO ] [main] [CONNECTIVE/COMPONENTS] - Creating context: root...
[08:31:00] [DEBUG] [main] [CONNECTIVE/COMPONENTS] - Searching for classes of type: org.asf.connective.standalone.ContextFileInstruction
[08:31:00] [DEBUG] [main] [CONNECTIVE/COMPONENTS] - Found class: org.asf.connective.standalone.main.impl.VirtualRootInstruction
[08:31:00] [DEBUG] [main] [CONNECTIVE/COMPONENTS] - Found class: org.asf.connective.standalone.main.impl.DefaultIndexPageInstruction
[08:31:00] [DEBUG] [main] [CONNECTIVE/COMPONENTS] - Found class: org.asf.connective.standalone.main.impl.IndexPageInstruction
[08:31:00] [DEBUG] [main] [CONNECTIVE/COMPONENTS] - Found class: org.asf.connective.standalone.main.impl.RestrictionInstruction
[08:31:00] [DEBUG] [main] [CONNECTIVE/COMPONENTS] - Found class: org.asf.connective.standalone.main.impl.ExtensionInstruction
[08:31:00] [DEBUG] [main] [CONNECTIVE/COMPONENTS] - Found class: org.asf.connective.standalone.main.impl.AliasInstruction
[08:31:00] [DEBUG] [main] [CONNECTIVE/COMPONENTS] - Found class: org.asf.connective.standalone.main.impl.PostHandlerInstruction
[08:31:00] [INFO ] [main] [CONNECTIVE/COMPONENTS] - Assigning server port... Port: 8080
[08:31:00] [DEBUG] [main] [CONNECTIVE/CYAN] - Loading CyanComponent org.asf.rats.http.BasicFileModule...
[08:31:00] [DEBUG] [main] [CONNECTIVE/CYAN] - Loading CyanComponent org.asf.connective.php.ConnectivePHP...
[08:31:00] [DEBUG] [main] [CONNECTIVE/CYAN] - Finalizing...
[08:31:00] [INFO ] [main] [CONNECTIVE/COMPONENTS] - Starting components post-load (bootstrap.call)...
[08:31:00] [DEBUG] [main] [CONNECTIVE/COMPONENTS] - Searching for classes of type: org.asf.rats.http.IAutoContextBuilder
[08:31:00] [DEBUG] [main] [CONNECTIVE/COMPONENTS] - Searching for classes of type: org.asf.rats.http.IAutoContextModificationProvider
[08:31:00] [INFO ] [main] [CONNECTIVE/COMPONENTS] - Starting server...
[08:31:00] [INFO ] [main] [CONNECTIVE/COMPONENTS] - Loading processors...
[08:31:00] [INFO ] [main] [CONNECTIVE/COMPONENTS] - Server is running.
[09:19:44] [DEBUG] [main] [CONNECTIVE/TRANSFORMER] - Assigning FLUID Modification Engine... Using the Cyan Modification Engine...
[09:19:44] [DEBUG] [main] [CONNECTIVE/CYAN] - Preparing to load components...
[09:19:44] [DEBUG] [main] [CONNECTIVE/CYAN] - Finding components...
[09:19:44] [INFO ] [main] [CONNECTIVE/COMPONENTS] - Searching for classes annotated with @CYAN_COMPONENT...
[09:19:44] [DEBUG] [main] [CONNECTIVE/COMPONENTS] - Found class: org.asf.rats.ConnectiveHTTPServer
[09:19:44] [DEBUG] [main] [CONNECTIVE/COMPONENTS] - Found class: org.asf.connective.standalone.main.ConnectiveStandalone
[09:19:44] [DEBUG] [main] [CONNECTIVE/COMPONENTS] - Found class: org.asf.rats.http.BasicFileModule
[09:19:44] [DEBUG] [main] [CONNECTIVE/COMPONENTS] - Found class: org.asf.connective.php.ConnectivePHP
[09:19:44] [DEBUG] [main] [CONNECTIVE/CYAN] - Starting components implementation 'ConnectiveStandalone'...
[09:19:44] [DEBUG] [main] [CONNECTIVE/CYAN] - Loading CyanComponent org.asf.rats.ConnectiveHTTPServer...
[09:19:44] [DEBUG] [main] [CONNECTIVE/COMPONENTS] - Searching for classes of type: org.asf.rats.processors.IAutoRegisterProcessor
[09:19:44] [DEBUG] [main] [CONNECTIVE/CYAN] - Loading CyanComponent org.asf.connective.standalone.main.ConnectiveStandalone...
[09:19:44] [INFO ] [main] [CONNECTIVE/COMPONENTS] - Intanciating configuration...
[09:19:44] [INFO ] [main] [CONNECTIVE/COMPONENTS] - Loading configuration...
[09:19:44] [INFO ] [main] [CONNECTIVE/COMPONENTS] - Loading contextfile(s)...
[09:19:44] [INFO ] [main] [CONNECTIVE/COMPONENTS] - Creating context: root...
[09:19:44] [DEBUG] [main] [CONNECTIVE/COMPONENTS] - Searching for classes of type: org.asf.connective.standalone.ContextFileInstruction
[09:19:44] [DEBUG] [main] [CONNECTIVE/COMPONENTS] - Found class: org.asf.connective.standalone.main.impl.VirtualRootInstruction
[09:19:44] [DEBUG] [main] [CONNECTIVE/COMPONENTS] - Found class: org.asf.connective.standalone.main.impl.DefaultIndexPageInstruction
[09:19:44] [DEBUG] [main] [CONNECTIVE/COMPONENTS] - Found class: org.asf.connective.standalone.main.impl.IndexPageInstruction
[09:19:44] [DEBUG] [main] [CONNECTIVE/COMPONENTS] - Found class: org.asf.connective.standalone.main.impl.RestrictionInstruction
[09:19:44] [DEBUG] [main] [CONNECTIVE/COMPONENTS] - Found class: org.asf.connective.standalone.main.impl.ExtensionInstruction
[09:19:44] [DEBUG] [main] [CONNECTIVE/COMPONENTS] - Found class: org.asf.connective.standalone.main.impl.AliasInstruction
[09:19:44] [DEBUG] [main] [CONNECTIVE/COMPONENTS] - Found class: org.asf.connective.standalone.main.impl.PostHandlerInstruction
[09:19:44] [INFO ] [main] [CONNECTIVE/COMPONENTS] - Assigning server port... Port: 8080
[09:19:44] [DEBUG] [main] [CONNECTIVE/CYAN] - Loading CyanComponent org.asf.rats.http.BasicFileModule...
[09:19:44] [DEBUG] [main] [CONNECTIVE/CYAN] - Loading CyanComponent org.asf.connective.php.ConnectivePHP...
[09:19:44] [DEBUG] [main] [CONNECTIVE/CYAN] - Finalizing...
[09:19:44] [INFO ] [main] [CONNECTIVE/COMPONENTS] - Starting components post-load (bootstrap.call)...
[09:19:44] [DEBUG] [main] [CONNECTIVE/COMPONENTS] - Searching for classes of type: org.asf.rats.http.IAutoContextBuilder
[09:19:44] [DEBUG] [main] [CONNECTIVE/COMPONENTS] - Searching for classes of type: org.asf.rats.http.IAutoContextModificationProvider
[09:19:44] [INFO ] [main] [CONNECTIVE/COMPONENTS] - Starting server...
[09:19:44] [INFO ] [main] [CONNECTIVE/COMPONENTS] - Loading processors...
[09:19:44] [INFO ] [main] [CONNECTIVE/COMPONENTS] - Server is running.
[15:24:21] [DEBUG] [main] [CONNECTIVE/TRANSFORMER] - Assigning FLUID Modification Engine... Using the Cyan Modification Engine...
[15:24:21] [DEBUG] [main] [CONNECTIVE/CYAN] - Preparing to load components...
[15:24:21] [DEBUG] [main] [CONNECTIVE/CYAN] - Finding components...
[15:24:21] [INFO ] [main] [CONNECTIVE/COMPONENTS] - Searching for classes annotated with @CYAN_COMPONENT...
[15:24:21] [DEBUG] [main] [CONNECTIVE/COMPONENTS] - Found class: org.asf.rats.ConnectiveHTTPServer
[15:24:21] [DEBUG] [main] [CONNECTIVE/COMPONENTS] - Found class: org.asf.connective.standalone.main.ConnectiveStandalone
[15:24:21] [DEBUG] [main] [CONNECTIVE/COMPONENTS] - Found class: org.asf.rats.http.BasicFileModule
[15:24:21] [DEBUG] [main] [CONNECTIVE/COMPONENTS] - Found class: org.asf.connective.php.ConnectivePHP
[15:24:21] [DEBUG] [main] [CONNECTIVE/CYAN] - Starting components implementation 'ConnectiveStandalone'...
[15:24:21] [DEBUG] [main] [CONNECTIVE/CYAN] - Loading CyanComponent org.asf.rats.ConnectiveHTTPServer...
[15:24:21] [DEBUG] [main] [CONNECTIVE/COMPONENTS] - Searching for classes of type: org.asf.rats.processors.IAutoRegisterProcessor
[15:24:35] [DEBUG] [main] [CONNECTIVE/TRANSFORMER] - Assigning FLUID Modification Engine... Using the Cyan Modification Engine...
[15:24:35] [DEBUG] [main] [CONNECTIVE/CYAN] - Preparing to load components...
[15:24:35] [DEBUG] [main] [CONNECTIVE/CYAN] - Finding components...
[15:24:35] [INFO ] [main] [CONNECTIVE/COMPONENTS] - Searching for classes annotated with @CYAN_COMPONENT...
[15:24:35] [DEBUG] [main] [CONNECTIVE/COMPONENTS] - Found class: org.asf.rats.ConnectiveHTTPServer
[15:24:35] [DEBUG] [main] [CONNECTIVE/COMPONENTS] - Found class: org.asf.connective.standalone.main.ConnectiveStandalone
[15:24:35] [DEBUG] [main] [CONNECTIVE/COMPONENTS] - Found class: org.asf.rats.http.BasicFileModule
[15:24:35] [DEBUG] [main] [CONNECTIVE/COMPONENTS] - Found class: org.asf.connective.php.ConnectivePHP
[15:24:35] [DEBUG] [main] [CONNECTIVE/CYAN] - Starting components implementation 'ConnectiveStandalone'...
[15:24:35] [DEBUG] [main] [CONNECTIVE/CYAN] - Loading CyanComponent org.asf.rats.ConnectiveHTTPServer...
[15:24:35] [DEBUG] [main] [CONNECTIVE/COMPONENTS] - Searching for classes of type: org.asf.rats.processors.IAutoRegisterProcessor
[15:24:35] [DEBUG] [main] [CONNECTIVE/CYAN] - Loading CyanComponent org.asf.connective.standalone.main.ConnectiveStandalone...
[15:24:35] [INFO ] [main] [CONNECTIVE/COMPONENTS] - Intanciating configuration...
[15:24:35] [INFO ] [main] [CONNECTIVE/COMPONENTS] - Loading configuration...
[15:24:35] [INFO ] [main] [CONNECTIVE/COMPONENTS] - Loading contextfile(s)...
[15:24:35] [INFO ] [main] [CONNECTIVE/COMPONENTS] - Creating context: root...
[15:24:35] [DEBUG] [main] [CONNECTIVE/COMPONENTS] - Searching for classes of type: org.asf.connective.standalone.ContextFileInstruction
[15:24:35] [DEBUG] [main] [CONNECTIVE/COMPONENTS] - Found class: org.asf.connective.standalone.main.impl.VirtualRootInstruction
[15:24:35] [DEBUG] [main] [CONNECTIVE/COMPONENTS] - Found class: org.asf.connective.standalone.main.impl.DefaultIndexPageInstruction
[15:24:35] [DEBUG] [main] [CONNECTIVE/COMPONENTS] - Found class: org.asf.connective.standalone.main.impl.IndexPageInstruction
[15:24:35] [DEBUG] [main] [CONNECTIVE/COMPONENTS] - Found class: org.asf.connective.standalone.main.impl.RestrictionInstruction
[15:24:35] [DEBUG] [main] [CONNECTIVE/COMPONENTS] - Found class: org.asf.connective.standalone.main.impl.ExtensionInstruction
[15:24:35] [DEBUG] [main] [CONNECTIVE/COMPONENTS] - Found class: org.asf.connective.standalone.main.impl.AliasInstruction
[15:24:35] [DEBUG] [main] [CONNECTIVE/COMPONENTS] - Found class: org.asf.connective.standalone.main.impl.UploadHandlerInstruction
[15:24:35] [DEBUG] [main] [CONNECTIVE/COMPONENTS] - Found class: org.asf.connective.standalone.main.impl.VirtualFileInstruction
[15:24:35] [WARN ] [main] [CONNECTIVE/COMPONENTS] - Failed to execute context instruction as it was not found. Instruction: posthandler
[15:24:35] [INFO ] [main] [CONNECTIVE/COMPONENTS] - Assigning server port... Port: 8080
[15:24:35] [DEBUG] [main] [CONNECTIVE/CYAN] - Loading CyanComponent org.asf.rats.http.BasicFileModule...
[15:24:35] [DEBUG] [main] [CONNECTIVE/CYAN] - Loading CyanComponent org.asf.connective.php.ConnectivePHP...
[15:24:35] [DEBUG] [main] [CONNECTIVE/CYAN] - Finalizing...
[15:24:35] [INFO ] [main] [CONNECTIVE/COMPONENTS] - Starting components post-load (bootstrap.call)...
[15:24:35] [DEBUG] [main] [CONNECTIVE/COMPONENTS] - Searching for classes of type: org.asf.rats.http.IAutoContextBuilder
[15:24:35] [DEBUG] [main] [CONNECTIVE/COMPONENTS] - Searching for classes of type: org.asf.rats.http.IAutoContextModificationProvider
[15:24:35] [INFO ] [main] [CONNECTIVE/COMPONENTS] - Starting server...
[15:24:35] [INFO ] [main] [CONNECTIVE/COMPONENTS] - Loading processors...
[15:24:35] [INFO ] [main] [CONNECTIVE/COMPONENTS] - Server is running.
[15:27:06] [DEBUG] [main] [CONNECTIVE/TRANSFORMER] - Assigning FLUID Modification Engine... Using the Cyan Modification Engine...
[15:27:06] [DEBUG] [main] [CONNECTIVE/CYAN] - Preparing to load components...
[15:27:06] [DEBUG] [main] [CONNECTIVE/CYAN] - Finding components...
[15:27:06] [INFO ] [main] [CONNECTIVE/COMPONENTS] - Searching for classes annotated with @CYAN_COMPONENT...
[15:27:06] [DEBUG] [main] [CONNECTIVE/COMPONENTS] - Found class: org.asf.rats.ConnectiveHTTPServer
[15:27:06] [DEBUG] [main] [CONNECTIVE/COMPONENTS] - Found class: org.asf.connective.standalone.main.ConnectiveStandalone
[15:27:06] [DEBUG] [main] [CONNECTIVE/COMPONENTS] - Found class: org.asf.rats.http.BasicFileModule
[15:27:06] [DEBUG] [main] [CONNECTIVE/COMPONENTS] - Found class: org.asf.connective.php.ConnectivePHP
[15:27:06] [DEBUG] [main] [CONNECTIVE/CYAN] - Starting components implementation 'ConnectiveStandalone'...
[15:27:06] [DEBUG] [main] [CONNECTIVE/CYAN] - Loading CyanComponent org.asf.rats.ConnectiveHTTPServer...
[15:27:06] [DEBUG] [main] [CONNECTIVE/COMPONENTS] - Searching for classes of type: org.asf.rats.processors.IAutoRegisterProcessor
[15:27:06] [DEBUG] [main] [CONNECTIVE/CYAN] - Loading CyanComponent org.asf.connective.standalone.main.ConnectiveStandalone...
[15:27:06] [INFO ] [main] [CONNECTIVE/COMPONENTS] - Intanciating configuration...
[15:27:06] [INFO ] [main] [CONNECTIVE/COMPONENTS] - Loading configuration...
[15:27:06] [INFO ] [main] [CONNECTIVE/COMPONENTS] - Loading contextfile(s)...
[15:27:06] [INFO ] [main] [CONNECTIVE/COMPONENTS] - Creating context: root...
[15:27:06] [DEBUG] [main] [CONNECTIVE/COMPONENTS] - Searching for classes of type: org.asf.connective.standalone.ContextFileInstruction
[15:27:06] [DEBUG] [main] [CONNECTIVE/COMPONENTS] - Found class: org.asf.connective.standalone.main.impl.VirtualRootInstruction
[15:27:06] [DEBUG] [main] [CONNECTIVE/COMPONENTS] - Found class: org.asf.connective.standalone.main.impl.DefaultIndexPageInstruction
[15:27:06] [DEBUG] [main] [CONNECTIVE/COMPONENTS] - Found class: org.asf.connective.standalone.main.impl.IndexPageInstruction
[15:27:06] [DEBUG] [main] [CONNECTIVE/COMPONENTS] - Found class: org.asf.connective.standalone.main.impl.RestrictionInstruction
[15:27:06] [DEBUG] [main] [CONNECTIVE/COMPONENTS] - Found class: org.asf.connective.standalone.main.impl.ExtensionInstruction
[15:27:06] [DEBUG] [main] [CONNECTIVE/COMPONENTS] - Found class: org.asf.connective.standalone.main.impl.AliasInstruction
[15:27:06] [DEBUG] [main] [CONNECTIVE/COMPONENTS] - Found class: org.asf.connective.standalone.main.impl.UploadHandlerInstruction
[15:27:06] [DEBUG] [main] [CONNECTIVE/COMPONENTS] - Found class: org.asf.connective.standalone.main.impl.VirtualFileInstruction
[15:27:06] [INFO ] [main] [CONNECTIVE/COMPONENTS] - Assigning server port... Port: 8080
[15:27:06] [DEBUG] [main] [CONNECTIVE/CYAN] - Loading CyanComponent org.asf.rats.http.BasicFileModule...
[15:27:06] [DEBUG] [main] [CONNECTIVE/CYAN] - Loading CyanComponent org.asf.connective.php.ConnectivePHP...
[15:27:06] [DEBUG] [main] [CONNECTIVE/CYAN] - Finalizing...
[15:27:06] [INFO ] [main] [CONNECTIVE/COMPONENTS] - Starting components post-load (bootstrap.call)...
[15:27:06] [DEBUG] [main] [CONNECTIVE/COMPONENTS] - Searching for classes of type: org.asf.rats.http.IAutoContextBuilder
[15:27:06] [DEBUG] [main] [CONNECTIVE/COMPONENTS] - Searching for classes of type: org.asf.rats.http.IAutoContextModificationProvider
[15:27:06] [INFO ] [main] [CONNECTIVE/COMPONENTS] - Starting server...
[15:27:06] [INFO ] [main] [CONNECTIVE/COMPONENTS] - Loading processors...
[15:27:06] [INFO ] [main] [CONNECTIVE/COMPONENTS] - Server is running.
