[21:31:18] [INFO ] [main] [CONNECTIVE/COMPONENTS] - Searching for classes annotated with @CYAN_COMPONENT...
[21:31:18] [INFO ] [main] [CONNECTIVE/COMPONENTS] - Intanciating configuration...
[21:31:18] [INFO ] [main] [CONNECTIVE/COMPONENTS] - Loading configuration...
[21:31:18] [INFO ] [main] [CONNECTIVE/COMPONENTS] - Loading contextfile(s)...
[21:31:18] [INFO ] [main] [CONNECTIVE/COMPONENTS] - Creating context: root...
[21:31:18] [INFO ] [main] [CONNECTIVE/COMPONENTS] - Assigning server port... Port: 8080
[21:31:57] [INFO ] [main] [CONNECTIVE/COMPONENTS] - Searching for classes annotated with @CYAN_COMPONENT...
[21:31:57] [INFO ] [main] [CONNECTIVE/COMPONENTS] - Intanciating configuration...
[21:31:57] [INFO ] [main] [CONNECTIVE/COMPONENTS] - Loading configuration...
[21:31:57] [INFO ] [main] [CONNECTIVE/COMPONENTS] - Loading contextfile(s)...
[21:31:57] [INFO ] [main] [CONNECTIVE/COMPONENTS] - Creating context: root...
[21:31:57] [INFO ] [main] [CONNECTIVE/COMPONENTS] - Assigning server port... Port: 8080
[21:32:16] [INFO ] [main] [CONNECTIVE/COMPONENTS] - Searching for classes annotated with @CYAN_COMPONENT...
[21:32:16] [INFO ] [main] [CONNECTIVE/COMPONENTS] - Intanciating configuration...
[21:32:16] [INFO ] [main] [CONNECTIVE/COMPONENTS] - Loading configuration...
[21:32:17] [INFO ] [main] [CONNECTIVE/COMPONENTS] - Loading contextfile(s)...
[21:32:17] [INFO ] [main] [CONNECTIVE/COMPONENTS] - Creating context: root...
[21:32:17] [INFO ] [main] [CONNECTIVE/COMPONENTS] - Assigning server port... Port: 8080
[21:32:32] [INFO ] [main] [CONNECTIVE/COMPONENTS] - Searching for classes annotated with @CYAN_COMPONENT...
[21:32:32] [INFO ] [main] [CONNECTIVE/COMPONENTS] - Intanciating configuration...
[21:32:32] [INFO ] [main] [CONNECTIVE/COMPONENTS] - Loading configuration...
[21:32:32] [INFO ] [main] [CONNECTIVE/COMPONENTS] - Loading contextfile(s)...
[21:32:32] [INFO ] [main] [CONNECTIVE/COMPONENTS] - Creating context: root...
[21:32:32] [INFO ] [main] [CONNECTIVE/COMPONENTS] - Assigning server port... Port: 8080
[21:32:32] [INFO ] [main] [CONNECTIVE/COMPONENTS] - Starting components post-load (bootstrap.call)...
[21:32:32] [INFO ] [main] [CONNECTIVE/COMPONENTS] - Starting server...
[21:32:32] [INFO ] [main] [CONNECTIVE/COMPONENTS] - Loading processors...
[21:32:32] [INFO ] [main] [CONNECTIVE/COMPONENTS] - Server is running.
[21:35:04] [INFO ] [main] [CONNECTIVE/COMPONENTS] - Searching for classes annotated with @CYAN_COMPONENT...
[21:35:04] [INFO ] [main] [CONNECTIVE/COMPONENTS] - Intanciating configuration...
[21:35:04] [INFO ] [main] [CONNECTIVE/COMPONENTS] - Loading configuration...
[21:35:04] [INFO ] [main] [CONNECTIVE/COMPONENTS] - Loading contextfile(s)...
[21:35:04] [INFO ] [main] [CONNECTIVE/COMPONENTS] - Creating context: root...
[21:35:04] [INFO ] [main] [CONNECTIVE/COMPONENTS] - Assigning server port... Port: 8080
[21:35:04] [INFO ] [main] [CONNECTIVE/COMPONENTS] - Starting components post-load (bootstrap.call)...
[21:35:04] [INFO ] [main] [CONNECTIVE/COMPONENTS] - Starting server...
[21:35:04] [INFO ] [main] [CONNECTIVE/COMPONENTS] - Loading processors...
[21:35:04] [INFO ] [main] [CONNECTIVE/COMPONENTS] - Server is running.
